mode: count
github.com/vinayb21/planb/backend/redis.go:29.58,30.30 1 0
github.com/vinayb21/planb/backend/redis.go:57.2,58.23 2 0
github.com/vinayb21/planb/backend/redis.go:64.2,64.29 1 0
github.com/vinayb21/planb/backend/redis.go:67.2,79.9 1 0
github.com/vinayb21/planb/backend/redis.go:30.30,31.22 1 0
github.com/vinayb21/planb/backend/redis.go:34.3,34.21 1 0
github.com/vinayb21/planb/backend/redis.go:37.3,38.29 2 0
github.com/vinayb21/planb/backend/redis.go:43.3,55.10 1 0
github.com/vinayb21/planb/backend/redis.go:31.22,33.4 1 0
github.com/vinayb21/planb/backend/redis.go:34.21,36.4 1 0
github.com/vinayb21/planb/backend/redis.go:38.29,40.4 1 0
github.com/vinayb21/planb/backend/redis.go:40.9,42.4 1 0
github.com/vinayb21/planb/backend/redis.go:58.23,60.21 2 0
github.com/vinayb21/planb/backend/redis.go:60.21,62.4 1 0
github.com/vinayb21/planb/backend/redis.go:64.29,66.3 1 0
github.com/vinayb21/planb/backend/redis.go:92.79,94.16 2 0
github.com/vinayb21/planb/backend/redis.go:97.2,98.16 2 0
github.com/vinayb21/planb/backend/redis.go:101.2,102.16 2 0
github.com/vinayb21/planb/backend/redis.go:105.2,106.16 2 0
github.com/vinayb21/planb/backend/redis.go:109.2,112.8 1 0
github.com/vinayb21/planb/backend/redis.go:94.16,96.3 1 0
github.com/vinayb21/planb/backend/redis.go:98.16,100.3 1 0
github.com/vinayb21/planb/backend/redis.go:102.16,104.3 1 0
github.com/vinayb21/planb/backend/redis.go:106.16,108.3 1 0
github.com/vinayb21/planb/backend/redis.go:115.44,117.2 1 0
github.com/vinayb21/planb/backend/redis.go:119.90,125.16 6 0
github.com/vinayb21/planb/backend/redis.go:128.2,129.40 2 0
github.com/vinayb21/planb/backend/redis.go:133.2,134.23 2 0
github.com/vinayb21/planb/backend/redis.go:137.2,137.41 1 0
github.com/vinayb21/planb/backend/redis.go:125.16,127.3 1 0
github.com/vinayb21/planb/backend/redis.go:129.40,132.3 2 0
github.com/vinayb21/planb/backend/redis.go:134.23,136.3 1 0
github.com/vinayb21/planb/backend/redis.go:146.9,153.16 7 0
github.com/vinayb21/planb/backend/redis.go:156.2,157.53 2 0
github.com/vinayb21/planb/backend/redis.go:153.16,155.3 1 0
github.com/vinayb21/planb/backend/redis.go:160.45,164.2 3 0
github.com/vinayb21/planb/backend/redis.go:166.38,167.22 1 0
github.com/vinayb21/planb/backend/redis.go:167.22,169.3 1 0
github.com/vinayb21/planb/backend/redismonitor.go:33.72,35.16 2 0
github.com/vinayb21/planb/backend/redismonitor.go:38.2,59.16 3 0
github.com/vinayb21/planb/backend/redismonitor.go:62.2,62.17 1 0
github.com/vinayb21/planb/backend/redismonitor.go:35.16,37.3 1 0
github.com/vinayb21/planb/backend/redismonitor.go:59.16,61.3 1 0
github.com/vinayb21/planb/backend/redismonitor.go:65.38,69.2 3 0
github.com/vinayb21/planb/backend/redismonitor.go:71.51,77.6 6 0
github.com/vinayb21/planb/backend/redismonitor.go:77.6,78.13 1 0
github.com/vinayb21/planb/backend/redismonitor.go:86.3,86.10 1 0
github.com/vinayb21/planb/backend/redismonitor.go:78.13,80.18 2 0
github.com/vinayb21/planb/backend/redismonitor.go:80.18,82.5 1 0
github.com/vinayb21/planb/backend/redismonitor.go:82.10,84.5 1 0
github.com/vinayb21/planb/backend/redismonitor.go:87.17,88.10 1 0
github.com/vinayb21/planb/backend/redismonitor.go:89.23,90.17 1 0
github.com/vinayb21/planb/backend/redismonitor.go:93.4,94.24 2 0
github.com/vinayb21/planb/backend/redismonitor.go:90.17,91.13 1 0
github.com/vinayb21/planb/backend/redismonitor.go:94.24,97.5 2 0
github.com/vinayb21/planb/backend/redismonitor.go:102.59,105.54 3 0
github.com/vinayb21/planb/backend/redismonitor.go:117.2,117.16 1 0
github.com/vinayb21/planb/backend/redismonitor.go:120.2,120.17 1 0
github.com/vinayb21/planb/backend/redismonitor.go:105.54,107.45 2 0
github.com/vinayb21/planb/backend/redismonitor.go:110.3,110.61 1 0
github.com/vinayb21/planb/backend/redismonitor.go:114.3,115.13 2 0
github.com/vinayb21/planb/backend/redismonitor.go:107.45,109.4 1 0
github.com/vinayb21/planb/backend/redismonitor.go:110.61,113.4 2 0
github.com/vinayb21/planb/backend/redismonitor.go:117.16,119.3 1 0
github.com/vinayb21/planb/backend/redismonitor.go:123.51,126.2 2 0
github.com/vinayb21/planb/backend/redismonitor.go:128.42,130.21 2 0
github.com/vinayb21/planb/backend/redismonitor.go:133.2,137.39 5 0
github.com/vinayb21/planb/backend/redismonitor.go:141.2,143.15 3 0
github.com/vinayb21/planb/backend/redismonitor.go:148.2,148.31 1 0
github.com/vinayb21/planb/backend/redismonitor.go:151.1,152.6 1 0
github.com/vinayb21/planb/backend/redismonitor.go:170.2,170.23 1 0
github.com/vinayb21/planb/backend/redismonitor.go:130.21,132.3 1 0
github.com/vinayb21/planb/backend/redismonitor.go:137.39,140.3 2 0
github.com/vinayb21/planb/backend/redismonitor.go:143.15,147.3 3 0
github.com/vinayb21/planb/backend/redismonitor.go:148.31,150.3 1 0
github.com/vinayb21/planb/backend/redismonitor.go:152.6,153.10 1 0
github.com/vinayb21/planb/backend/redismonitor.go:158.3,159.32 2 0
github.com/vinayb21/planb/backend/redismonitor.go:163.3,166.59 4 0
github.com/vinayb21/planb/backend/redismonitor.go:154.17,155.13 1 0
github.com/vinayb21/planb/backend/redismonitor.go:156.34,156.34 0 0
github.com/vinayb21/planb/backend/redismonitor.go:159.32,162.4 2 0
github.com/vinayb21/planb/backend/redismonitor.go:166.59,167.13 1 0
github.com/vinayb21/planb/backend/redismonitor.go:173.74,175.54 2 0
github.com/vinayb21/planb/backend/redismonitor.go:175.54,177.17 2 0
github.com/vinayb21/planb/backend/redismonitor.go:183.3,184.26 2 0
github.com/vinayb21/planb/backend/redismonitor.go:190.3,190.16 1 0
github.com/vinayb21/planb/backend/redismonitor.go:193.3,194.58 2 0
github.com/vinayb21/planb/backend/redismonitor.go:203.3,203.13 1 0
github.com/vinayb21/planb/backend/redismonitor.go:177.17,178.24 1 0
github.com/vinayb21/planb/backend/redismonitor.go:181.4,181.14 1 0
github.com/vinayb21/planb/backend/redismonitor.go:178.24,180.5 1 0
github.com/vinayb21/planb/backend/redismonitor.go:184.26,185.29 1 0
github.com/vinayb21/planb/backend/redismonitor.go:185.29,187.10 2 0
github.com/vinayb21/planb/backend/redismonitor.go:190.16,192.4 1 0
github.com/vinayb21/planb/backend/redismonitor.go:194.58,195.12 1 0
github.com/vinayb21/planb/backend/redismonitor.go:201.4,201.14 1 0
github.com/vinayb21/planb/backend/redismonitor.go:195.12,197.5 1 0
github.com/vinayb21/planb/backend/redismonitor.go:197.10,200.5 2 0
github.com/vinayb21/planb/backend/redismonitor.go:213.78,215.36 2 0
github.com/vinayb21/planb/backend/redismonitor.go:218.2,223.8 2 0
github.com/vinayb21/planb/backend/redismonitor.go:215.36,217.3 1 0
github.com/vinayb21/planb/backend/redismonitor.go:226.57,228.16 2 0
github.com/vinayb21/planb/backend/redismonitor.go:231.2,232.37 2 0
github.com/vinayb21/planb/backend/redismonitor.go:235.2,236.16 2 0
github.com/vinayb21/planb/backend/redismonitor.go:239.2,240.16 2 0
github.com/vinayb21/planb/backend/redismonitor.go:243.2,244.77 2 0
github.com/vinayb21/planb/backend/redismonitor.go:247.2,247.32 1 0
github.com/vinayb21/planb/backend/redismonitor.go:251.2,251.13 1 0
github.com/vinayb21/planb/backend/redismonitor.go:228.16,230.3 1 0
github.com/vinayb21/planb/backend/redismonitor.go:232.37,234.3 1 0
github.com/vinayb21/planb/backend/redismonitor.go:236.16,238.3 1 0
github.com/vinayb21/planb/backend/redismonitor.go:240.16,242.3 1 0
github.com/vinayb21/planb/backend/redismonitor.go:244.77,246.3 1 0
github.com/vinayb21/planb/backend/redismonitor.go:247.32,250.3 2 0
github.com/vinayb21/planb/backend/redismonitor.go:254.31,255.19 1 0
github.com/vinayb21/planb/backend/redismonitor.go:258.2,258.19 1 0
github.com/vinayb21/planb/backend/redismonitor.go:255.19,257.3 1 0
github.com/vinayb21/planb/backend/redismonitor.go:258.19,260.3 1 0
github.com/vinayb21/planb/log/log.go:64.50,65.22 1 0
github.com/vinayb21/planb/log/log.go:70.2,71.16 2 0
github.com/vinayb21/planb/log/log.go:74.2,74.35 1 0
github.com/vinayb21/planb/log/log.go:65.22,67.3 1 0
github.com/vinayb21/planb/log/log.go:67.8,67.29 1 0
github.com/vinayb21/planb/log/log.go:67.29,69.3 1 0
github.com/vinayb21/planb/log/log.go:71.16,73.3 1 0
github.com/vinayb21/planb/log/log.go:77.41,79.16 2 0
github.com/vinayb21/planb/log/log.go:82.2,82.37 1 0
github.com/vinayb21/planb/log/log.go:79.16,81.3 1 0
github.com/vinayb21/planb/log/log.go:87.35,87.54 1 0
github.com/vinayb21/planb/log/log.go:89.41,91.2 1 0
github.com/vinayb21/planb/log/log.go:93.53,104.2 4 1
github.com/vinayb21/planb/log/log.go:106.45,108.2 1 0
github.com/vinayb21/planb/log/log.go:110.46,111.9 1 0
github.com/vinayb21/planb/log/log.go:112.26,112.26 0 0
github.com/vinayb21/planb/log/log.go:113.10,114.10 1 0
github.com/vinayb21/planb/log/log.go:115.23,117.14 2 0
github.com/vinayb21/planb/log/log.go:121.4,121.42 1 0
github.com/vinayb21/planb/log/log.go:122.11,122.11 0 0
github.com/vinayb21/planb/log/log.go:117.14,120.5 2 0
github.com/vinayb21/planb/log/log.go:127.25,132.2 4 0
github.com/vinayb21/planb/log/log.go:134.30,137.28 3 1
github.com/vinayb21/planb/log/log.go:137.28,138.16 1 0
github.com/vinayb21/planb/log/log.go:141.3,141.20 1 0
github.com/vinayb21/planb/log/log.go:161.3,163.15 3 0
github.com/vinayb21/planb/log/log.go:166.3,166.35 1 0
github.com/vinayb21/planb/log/log.go:169.3,186.4 1 0
github.com/vinayb21/planb/log/log.go:138.16,140.4 1 0
github.com/vinayb21/planb/log/log.go:141.20,142.31 1 0
github.com/vinayb21/planb/log/log.go:146.4,147.21 2 0
github.com/vinayb21/planb/log/log.go:150.4,159.12 2 0
github.com/vinayb21/planb/log/log.go:142.31,144.13 2 0
github.com/vinayb21/planb/log/log.go:147.21,149.5 1 0
github.com/vinayb21/planb/log/log.go:163.15,165.4 1 0
github.com/vinayb21/planb/log/log.go:166.35,168.4 1 0
github.com/vinayb21/planb/tls/fs.go:14.63,19.16 3 0
github.com/vinayb21/planb/tls/fs.go:23.2,23.32 1 0
github.com/vinayb21/planb/tls/fs.go:35.2,35.15 1 0
github.com/vinayb21/planb/tls/fs.go:19.16,21.3 1 0
github.com/vinayb21/planb/tls/fs.go:23.32,28.17 4 0
github.com/vinayb21/planb/tls/fs.go:32.3,32.36 1 0
github.com/vinayb21/planb/tls/fs.go:28.17,30.4 1 0
github.com/vinayb21/planb/tls/fs.go:38.78,43.16 4 0
github.com/vinayb21/planb/tls/fs.go:47.2,48.16 2 0
github.com/vinayb21/planb/tls/fs.go:52.2,53.16 2 0
github.com/vinayb21/planb/tls/fs.go:56.2,56.19 1 0
github.com/vinayb21/planb/tls/fs.go:43.16,45.3 1 0
github.com/vinayb21/planb/tls/fs.go:48.16,50.3 1 0
github.com/vinayb21/planb/tls/fs.go:53.16,55.3 1 0
github.com/vinayb21/planb/tls/fs.go:61.29,62.51 1 0
github.com/vinayb21/planb/tls/fs.go:66.2,67.37 2 0
github.com/vinayb21/planb/tls/fs.go:71.2,71.60 1 0
github.com/vinayb21/planb/tls/fs.go:62.51,64.3 1 0
github.com/vinayb21/planb/tls/fs.go:67.37,69.3 1 0
github.com/vinayb21/planb/tls/loader.go:16.48,18.2 1 1
github.com/vinayb21/planb/tls/loader.go:20.40,22.30 2 1
github.com/vinayb21/planb/tls/loader.go:27.2,27.15 1 0
github.com/vinayb21/planb/tls/loader.go:22.30,23.23 1 9
github.com/vinayb21/planb/tls/loader.go:23.23,25.4 1 1
github.com/vinayb21/planb/tls/redis.go:16.78,22.2 2 0
github.com/vinayb21/planb/tls/redis.go:26.29,29.47 2 0
github.com/vinayb21/planb/tls/redis.go:33.2,33.18 1 0
github.com/vinayb21/planb/tls/redis.go:29.47,31.3 1 0
github.com/vinayb21/planb/tls/redis.go:38.29,39.45 1 0
github.com/vinayb21/planb/tls/redis.go:45.2,45.46 1 0
github.com/vinayb21/planb/tls/redis.go:39.45,41.19 2 0
github.com/vinayb21/planb/tls/redis.go:41.19,43.4 1 0
github.com/vinayb21/planb/tls/redis.go:50.29,52.16 2 0
github.com/vinayb21/planb/tls/redis.go:56.2,59.20 3 0
github.com/vinayb21/planb/tls/redis.go:62.2,62.20 1 0
github.com/vinayb21/planb/tls/redis.go:66.2,66.36 1 0
github.com/vinayb21/planb/tls/redis.go:69.2,70.16 2 0
github.com/vinayb21/planb/tls/redis.go:73.2,77.19 2 0
github.com/vinayb21/planb/tls/redis.go:52.16,54.3 1 0
github.com/vinayb21/planb/tls/redis.go:59.20,61.3 1 0
github.com/vinayb21/planb/tls/redis.go:62.20,64.3 1 0
github.com/vinayb21/planb/tls/redis.go:66.36,68.3 1 0
github.com/vinayb21/planb/tls/redis.go:70.16,72.3 1 0
github.com/vinayb21/planb/tls/redis.go:85.37,87.2 1 0
github.com/vinayb21/planb/router/listener.go:30.34,34.28 3 0
github.com/vinayb21/planb/router/listener.go:43.2,43.23 1 0
github.com/vinayb21/planb/router/listener.go:53.2,53.13 1 0
github.com/vinayb21/planb/router/listener.go:34.28,41.3 5 0
github.com/vinayb21/planb/router/listener.go:43.23,51.3 6 0
github.com/vinayb21/planb/router/listener.go:56.33,59.39 2 0
github.com/vinayb21/planb/router/listener.go:59.39,62.3 2 0
github.com/vinayb21/planb/router/listener.go:65.53,67.16 2 0
github.com/vinayb21/planb/router/listener.go:70.2,70.17 1 0
github.com/vinayb21/planb/router/listener.go:67.16,69.3 1 0
github.com/vinayb21/planb/router/listener.go:150.71,152.9 2 0
github.com/vinayb21/planb/router/listener.go:155.2,161.16 5 0
github.com/vinayb21/planb/router/listener.go:164.2,164.59 1 0
github.com/vinayb21/planb/router/listener.go:152.9,154.3 1 0
github.com/vinayb21/planb/router/listener.go:161.16,163.3 1 0
github.com/vinayb21/planb/router/listener.go:167.82,171.2 3 0
github.com/vinayb21/planb/router/router.go:45.13,47.2 1 1
github.com/vinayb21/planb/router/router.go:49.37,51.2 1 0
github.com/vinayb21/planb/router/router.go:53.36,55.27 2 0
github.com/vinayb21/planb/router/router.go:63.2,63.26 1 0
github.com/vinayb21/planb/router/router.go:66.2,66.54 1 0
github.com/vinayb21/planb/router/router.go:72.2,72.32 1 0
github.com/vinayb21/planb/router/router.go:75.2,75.48 1 0
github.com/vinayb21/planb/router/router.go:81.2,82.12 2 0
github.com/vinayb21/planb/router/router.go:55.27,58.17 3 0
github.com/vinayb21/planb/router/router.go:61.3,61.22 1 0
github.com/vinayb21/planb/router/router.go:58.17,60.4 1 0
github.com/vinayb21/planb/router/router.go:63.26,65.3 1 0
github.com/vinayb21/planb/router/router.go:66.54,68.17 2 0
github.com/vinayb21/planb/router/router.go:68.17,70.4 1 0
github.com/vinayb21/planb/router/router.go:72.32,74.3 1 0
github.com/vinayb21/planb/router/router.go:75.48,77.17 2 0
github.com/vinayb21/planb/router/router.go:77.17,79.4 1 0
github.com/vinayb21/planb/router/router.go:85.85,91.49 3 0
github.com/vinayb21/planb/router/router.go:98.2,98.16 1 0
github.com/vinayb21/planb/router/router.go:101.2,105.23 5 0
github.com/vinayb21/planb/router/router.go:118.2,121.39 4 0
github.com/vinayb21/planb/router/router.go:132.2,132.23 1 0
github.com/vinayb21/planb/router/router.go:135.2,137.21 3 0
github.com/vinayb21/planb/router/router.go:91.49,93.23 2 0
github.com/vinayb21/planb/router/router.go:93.23,96.4 2 0
github.com/vinayb21/planb/router/router.go:98.16,100.3 1 0
github.com/vinayb21/planb/router/router.go:105.23,109.24 4 0
github.com/vinayb21/planb/router/router.go:113.3,113.26 1 0
github.com/vinayb21/planb/router/router.go:109.24,112.4 2 0
github.com/vinayb21/planb/router/router.go:114.8,116.3 1 0
github.com/vinayb21/planb/router/router.go:121.39,123.14 2 0
github.com/vinayb21/planb/router/router.go:127.3,128.36 2 0
github.com/vinayb21/planb/router/router.go:123.14,125.9 2 0
github.com/vinayb21/planb/router/router.go:128.36,129.9 1 0
github.com/vinayb21/planb/router/router.go:132.23,134.3 1 0
github.com/vinayb21/planb/router/router.go:144.9,146.12 2 0
github.com/vinayb21/planb/router/router.go:156.2,156.39 1 0
github.com/vinayb21/planb/router/router.go:159.2,159.16 1 0
github.com/vinayb21/planb/router/router.go:146.12,155.3 2 0
github.com/vinayb21/planb/router/router.go:156.39,158.3 1 0
github.com/vinayb21/planb/router/router.go:162.30,163.26 1 0
github.com/vinayb21/planb/router/router.go:163.26,165.3 1 0
github.com/vinayb21/planb/router/router.go:168.43,170.2 1 0
github.com/vinayb21/planb/router/router.go:172.69,173.25 1 0
github.com/vinayb21/planb/router/router.go:181.2,184.16 4 0
github.com/vinayb21/planb/router/router.go:190.2,191.25 2 0
github.com/vinayb21/planb/router/router.go:194.2,194.18 1 0
github.com/vinayb21/planb/router/router.go:173.25,174.45 1 0
github.com/vinayb21/planb/router/router.go:174.45,176.22 2 0
github.com/vinayb21/planb/router/router.go:176.22,178.5 1 0
github.com/vinayb21/planb/router/router.go:184.16,185.35 1 0
github.com/vinayb21/planb/router/router.go:188.3,188.18 1 0
github.com/vinayb21/planb/router/router.go:185.35,187.4 1 0
github.com/vinayb21/planb/router/router.go:191.25,193.3 1 0
github.com/vinayb21/planb/reverseproxy/native.go:28.53,28.54 0 0
github.com/vinayb21/planb/reverseproxy/native.go:61.13,66.2 4 1
github.com/vinayb21/planb/reverseproxy/native.go:80.61,82.2 1 0
github.com/vinayb21/planb/reverseproxy/native.go:84.41,86.2 1 0
github.com/vinayb21/planb/reverseproxy/native.go:92.35,94.14 2 0
github.com/vinayb21/planb/reverseproxy/native.go:97.2,97.19 1 0
github.com/vinayb21/planb/reverseproxy/native.go:94.14,96.3 1 0
github.com/vinayb21/planb/reverseproxy/native.go:100.36,102.2 1 0
github.com/vinayb21/planb/reverseproxy/native.go:104.77,125.2 6 0
github.com/vinayb21/planb/reverseproxy/native.go:127.84,135.49 1 0
github.com/vinayb21/planb/reverseproxy/native.go:146.2,147.28 2 0
github.com/vinayb21/planb/reverseproxy/native.go:135.49,136.13 1 0
github.com/vinayb21/planb/reverseproxy/native.go:137.23,138.26 1 0
github.com/vinayb21/planb/reverseproxy/native.go:139.28,140.26 1 0
github.com/vinayb21/planb/reverseproxy/native.go:141.26,142.26 1 0
github.com/vinayb21/planb/reverseproxy/native.go:150.38,151.36 1 0
github.com/vinayb21/planb/reverseproxy/native.go:151.36,155.3 3 0
github.com/vinayb21/planb/reverseproxy/native.go:158.67,160.2 1 0
github.com/vinayb21/planb/reverseproxy/native.go:162.84,163.51 1 0
github.com/vinayb21/planb/reverseproxy/native.go:174.2,174.85 1 0
github.com/vinayb21/planb/reverseproxy/native.go:180.2,181.62 2 0
github.com/vinayb21/planb/reverseproxy/native.go:189.2,190.26 2 0
github.com/vinayb21/planb/reverseproxy/native.go:163.51,165.17 2 0
github.com/vinayb21/planb/reverseproxy/native.go:170.3,172.9 3 0
github.com/vinayb21/planb/reverseproxy/native.go:165.17,169.4 3 0
github.com/vinayb21/planb/reverseproxy/native.go:174.85,176.17 2 0
github.com/vinayb21/planb/reverseproxy/native.go:176.17,178.4 1 0
github.com/vinayb21/planb/reverseproxy/native.go:181.62,183.17 2 0
github.com/vinayb21/planb/reverseproxy/native.go:187.3,187.9 1 0
github.com/vinayb21/planb/reverseproxy/native.go:183.17,186.4 2 0
github.com/vinayb21/planb/reverseproxy/native.go:196.25,198.16 2 0
github.com/vinayb21/planb/reverseproxy/native.go:201.2,202.16 2 0
github.com/vinayb21/planb/reverseproxy/native.go:205.2,207.16 3 0
github.com/vinayb21/planb/reverseproxy/native.go:210.2,212.9 3 0
github.com/vinayb21/planb/reverseproxy/native.go:215.2,216.16 2 0
github.com/vinayb21/planb/reverseproxy/native.go:219.2,221.70 3 0
github.com/vinayb21/planb/reverseproxy/native.go:227.2,228.16 2 0
github.com/vinayb21/planb/reverseproxy/native.go:231.2,232.43 2 0
github.com/vinayb21/planb/reverseproxy/native.go:236.2,239.21 4 0
github.com/vinayb21/planb/reverseproxy/native.go:198.16,200.3 1 0
github.com/vinayb21/planb/reverseproxy/native.go:202.16,204.3 1 0
github.com/vinayb21/planb/reverseproxy/native.go:207.16,209.3 1 0
github.com/vinayb21/planb/reverseproxy/native.go:212.9,214.3 1 0
github.com/vinayb21/planb/reverseproxy/native.go:216.16,218.3 1 0
github.com/vinayb21/planb/reverseproxy/native.go:221.70,222.53 1 0
github.com/vinayb21/planb/reverseproxy/native.go:225.3,225.57 1 0
github.com/vinayb21/planb/reverseproxy/native.go:222.53,224.4 1 0
github.com/vinayb21/planb/reverseproxy/native.go:228.16,230.3 1 0
github.com/vinayb21/planb/reverseproxy/native.go:232.43,235.3 2 0
github.com/vinayb21/planb/reverseproxy/native.go:242.84,246.16 4 0
github.com/vinayb21/planb/reverseproxy/native.go:250.2,251.16 2 0
github.com/vinayb21/planb/reverseproxy/native.go:255.2,255.24 1 0
github.com/vinayb21/planb/reverseproxy/native.go:259.2,259.53 1 0
github.com/vinayb21/planb/reverseproxy/native.go:246.16,249.3 2 0
github.com/vinayb21/planb/reverseproxy/native.go:251.16,254.3 2 0
github.com/vinayb21/planb/reverseproxy/native.go:255.24,258.3 2 0
github.com/vinayb21/planb/reverseproxy/native.go:270.18,272.35 2 0
github.com/vinayb21/planb/reverseproxy/native.go:291.2,294.23 4 0
github.com/vinayb21/planb/reverseproxy/native.go:297.2,297.13 1 0
github.com/vinayb21/planb/reverseproxy/native.go:306.2,307.16 2 0
github.com/vinayb21/planb/reverseproxy/native.go:310.2,313.12 4 0
github.com/vinayb21/planb/reverseproxy/native.go:272.35,290.3 1 0
github.com/vinayb21/planb/reverseproxy/native.go:294.23,296.3 1 0
github.com/vinayb21/planb/reverseproxy/native.go:297.13,305.3 3 0
github.com/vinayb21/planb/reverseproxy/native.go:307.16,309.3 1 0
github.com/vinayb21/planb/reverseproxy/native.go:320.24,325.62 5 0
github.com/vinayb21/planb/reverseproxy/native.go:347.2,348.27 2 0
github.com/vinayb21/planb/reverseproxy/native.go:355.2,356.16 2 0
github.com/vinayb21/planb/reverseproxy/native.go:359.2,360.11 2 0
github.com/vinayb21/planb/reverseproxy/native.go:365.2,365.58 1 0
github.com/vinayb21/planb/reverseproxy/native.go:372.2,376.16 5 0
github.com/vinayb21/planb/reverseproxy/native.go:401.2,409.3 1 0
github.com/vinayb21/planb/reverseproxy/native.go:325.62,326.14 1 0
github.com/vinayb21/planb/reverseproxy/native.go:345.3,345.83 1 0
github.com/vinayb21/planb/reverseproxy/native.go:327.27,332.5 1 0
github.com/vinayb21/planb/reverseproxy/native.go:333.37,338.5 1 0
github.com/vinayb21/planb/reverseproxy/native.go:339.11,343.5 1 0
github.com/vinayb21/planb/reverseproxy/native.go:348.27,349.53 1 0
github.com/vinayb21/planb/reverseproxy/native.go:353.3,353.21 1 0
github.com/vinayb21/planb/reverseproxy/native.go:349.53,352.4 2 0
github.com/vinayb21/planb/reverseproxy/native.go:356.16,358.3 1 0
github.com/vinayb21/planb/reverseproxy/native.go:360.11,364.3 3 0
github.com/vinayb21/planb/reverseproxy/native.go:365.58,367.21 2 0
github.com/vinayb21/planb/reverseproxy/native.go:370.3,370.56 1 0
github.com/vinayb21/planb/reverseproxy/native.go:367.21,369.4 1 0
github.com/vinayb21/planb/reverseproxy/native.go:376.16,378.40 2 0
github.com/vinayb21/planb/reverseproxy/native.go:382.3,383.21 2 0
github.com/vinayb21/planb/reverseproxy/native.go:392.3,392.17 1 0
github.com/vinayb21/planb/reverseproxy/native.go:395.3,399.4 2 0
github.com/vinayb21/planb/reverseproxy/native.go:378.40,381.4 2 0
github.com/vinayb21/planb/reverseproxy/native.go:383.21,386.4 2 0
github.com/vinayb21/planb/reverseproxy/native.go:386.9,386.25 1 0
github.com/vinayb21/planb/reverseproxy/native.go:386.25,389.4 2 0
github.com/vinayb21/planb/reverseproxy/native.go:389.9,391.4 1 0
github.com/vinayb21/planb/reverseproxy/native.go:392.17,394.4 1 0
github.com/vinayb21/planb/reverseproxy/native.go:412.59,413.19 1 0
github.com/vinayb21/planb/reverseproxy/native.go:416.2,417.21 2 0
github.com/vinayb21/planb/reverseproxy/native.go:420.2,420.17 1 0
github.com/vinayb21/planb/reverseproxy/native.go:413.19,415.3 1 0
github.com/vinayb21/planb/reverseproxy/native.go:417.21,419.3 1 0
github.com/vinayb21/planb/reverseproxy/native.go:423.59,425.2 1 0
github.com/vinayb21/planb/reverseproxy/native.go:427.52,429.2 1 0
github.com/vinayb21/planb/reverseproxy/reverseproxy.go:55.68,65.2 1 0
github.com/vinayb21/planb/main.go:28.4,30.12 2 0
github.com/vinayb21/planb/main.go:44.2,44.89 1 0
github.com/vinayb21/planb/main.go:30.12,31.28 1 0
github.com/vinayb21/planb/main.go:31.28,32.45 1 0
github.com/vinayb21/planb/main.go:36.4,36.30 1 0
github.com/vinayb21/planb/main.go:39.4,39.30 1 0
github.com/vinayb21/planb/main.go:32.45,35.5 2 0
github.com/vinayb21/planb/main.go:36.30,38.5 1 0
github.com/vinayb21/planb/main.go:39.30,41.5 1 0
github.com/vinayb21/planb/main.go:47.23,65.2 17 0
github.com/vinayb21/planb/main.go:67.32,69.16 2 0
github.com/vinayb21/planb/main.go:73.2,74.28 2 0
github.com/vinayb21/planb/main.go:80.2,100.16 5 0
github.com/vinayb21/planb/main.go:103.2,103.34 1 0
github.com/vinayb21/planb/main.go:109.2,116.16 3 0
github.com/vinayb21/planb/main.go:119.2,130.16 2 0
github.com/vinayb21/planb/main.go:134.2,142.53 2 0
github.com/vinayb21/planb/main.go:150.2,154.24 4 0
github.com/vinayb21/planb/main.go:69.16,71.3 1 0
github.com/vinayb21/planb/main.go:75.16,76.42 1 0
github.com/vinayb21/planb/main.go:77.10,78.42 1 0
github.com/vinayb21/planb/main.go:100.16,102.3 1 0
github.com/vinayb21/planb/main.go:103.34,105.17 2 0
github.com/vinayb21/planb/main.go:105.17,107.4 1 0
github.com/vinayb21/planb/main.go:116.16,118.3 1 0
github.com/vinayb21/planb/main.go:130.16,132.3 1 0
github.com/vinayb21/planb/main.go:142.53,145.13 3 0
github.com/vinayb21/planb/main.go:145.13,147.4 1 0
github.com/vinayb21/planb/main.go:157.96,158.34 1 0
github.com/vinayb21/planb/main.go:162.2,163.14 2 0
github.com/vinayb21/planb/main.go:158.34,160.3 1 0
github.com/vinayb21/planb/main.go:164.15,166.17 2 0
github.com/vinayb21/planb/main.go:170.3,170.47 1 0
github.com/vinayb21/planb/main.go:171.10,172.42 1 0
github.com/vinayb21/planb/main.go:166.17,168.4 1 0
github.com/vinayb21/planb/main.go:176.32,183.23 7 0
github.com/vinayb21/planb/main.go:191.2,192.36 2 0
github.com/vinayb21/planb/main.go:183.23,184.35 1 0
github.com/vinayb21/planb/main.go:189.3,189.31 1 0
github.com/vinayb21/planb/main.go:184.35,188.4 3 0
github.com/vinayb21/planb/main.go:195.13,197.48 2 0
github.com/vinayb21/planb/main.go:205.2,370.22 9 0
github.com/vinayb21/planb/main.go:197.48,200.21 3 0
github.com/vinayb21/planb/main.go:203.3,203.15 1 0
github.com/vinayb21/planb/main.go:200.21,202.4 1 0
